<?xml version="1.0" encoding="UTF-8"?>
<!-- Generated by org.testng.reporters.JUnitReportReporter -->
<testsuite skipped="2" hostname="CSCINDAE707498" name="rmaseleniumtestscripts.RMA_Smoke_TC_014" tests="2" failures="0" timestamp="29 Mar 2018 10:31:33 GMT" time="0.000" errors="0">
  <testcase name="RMA_Smoke_TC_014_Test" time="0.000" classname="rmaseleniumtestscripts.RMA_Smoke_TC_014">
    <skipped/>
  </testcase> <!-- RMA_Smoke_TC_014_Test -->
  <testcase name="RMA_Smoke_TC_014_Test" time="0.000" classname="rmaseleniumtestscripts.RMA_Smoke_TC_014">
    <skipped/>
  </testcase> <!-- RMA_Smoke_TC_014_Test -->
</testsuite> <!-- rmaseleniumtestscripts.RMA_Smoke_TC_014 -->
