<?xml version="1.0" encoding="UTF-8"?>
<!-- Generated by org.testng.reporters.JUnitReportReporter -->
<testsuite skipped="2" hostname="CSCINDAE707498" name="rmaseleniumtestscripts.RMA_QTPRegression_TC_071_GC" tests="2" failures="0" timestamp="6 Apr 2018 10:15:11 GMT" time="0.001" errors="0">
  <testcase name="RMA_QTPRegression_TC_071_GC_Test" time="0.000" classname="rmaseleniumtestscripts.RMA_QTPRegression_TC_071_GC">
    <skipped/>
  </testcase> <!-- RMA_QTPRegression_TC_071_GC_Test -->
  <testcase name="RMA_QTPRegression_TC_071_GC_Test" time="0.001" classname="rmaseleniumtestscripts.RMA_QTPRegression_TC_071_GC">
    <skipped/>
  </testcase> <!-- RMA_QTPRegression_TC_071_GC_Test -->
</testsuite> <!-- rmaseleniumtestscripts.RMA_QTPRegression_TC_071_GC -->
