<?xml version="1.0" encoding="UTF-8"?>
<!-- Generated by org.testng.reporters.JUnitReportReporter -->
<testsuite skipped="1" hostname="CSCINDAE707498" name="rmaseleniumtestscripts.RMA_QTPRegression_TC_119" tests="2" failures="0" timestamp="12 Feb 2018 08:41:29 GMT" time="0.004" errors="1">
  <testcase name="RMA_QTPRegression_TC_119_Test" time="0.004" classname="rmaseleniumtestscripts.RMA_QTPRegression_TC_119">
    <skipped/>
  </testcase> <!-- RMA_QTPRegression_TC_119_Test -->
  <testcase name="SetUp" time="0.000" classname="rmaseleniumtestscripts.RMA_QTPRegression_TC_119">
    <error type="org.testng.TestNGException" message="
Parameter &#039;DataSourceRow&#039; is required by @Configuration on method SetUp but has not been marked @Optional or defined
in C:\Users\knaithani\AppData\Local\Temp\testng-eclipse--1459651293\testng-customsuite.xml">
      <![CDATA[org.testng.TestNGException: 
Parameter 'DataSourceRow' is required by @Configuration on method SetUp but has not been marked @Optional or defined
in C:\Users\knaithani\AppData\Local\Temp\testng-eclipse--1459651293\testng-customsuite.xml
	at org.testng.internal.Parameters.createParameters(Parameters.java:156)
	at org.testng.internal.Parameters.createParameters(Parameters.java:370)
	at org.testng.internal.Parameters.createConfigurationParameters(Parameters.java:86)
	at org.testng.internal.Invoker.invokeConfigurations(Invoker.java:202)
	at org.testng.internal.Invoker.invokeConfigurations(Invoker.java:143)
	at org.testng.SuiteRunner.privateRun(SuiteRunner.java:307)
	at org.testng.SuiteRunner.run(SuiteRunner.java:270)
	at org.testng.SuiteRunnerWorker.runSuite(SuiteRunnerWorker.java:52)
	at org.testng.SuiteRunnerWorker.run(SuiteRunnerWorker.java:86)
	at org.testng.TestNG.runSuitesSequentially(TestNG.java:1284)
	at org.testng.TestNG.runSuitesLocally(TestNG.java:1209)
	at org.testng.TestNG.runSuites(TestNG.java:1124)
	at org.testng.TestNG.run(TestNG.java:1096)
	at org.testng.remote.AbstractRemoteTestNG.run(AbstractRemoteTestNG.java:132)
	at org.testng.remote.RemoteTestNG.initAndRun(RemoteTestNG.java:236)
	at org.testng.remote.RemoteTestNG.main(RemoteTestNG.java:81)
]]>
    </error>
  </testcase> <!-- SetUp -->
</testsuite> <!-- rmaseleniumtestscripts.RMA_QTPRegression_TC_119 -->
