<?xml version="1.0" encoding="UTF-8"?>
<!-- Generated by org.testng.reporters.JUnitReportReporter -->
<testsuite skipped="3" hostname="CSCINDAE707498" name="rmaseleniumtestscripts.RMA_QTPRegression_TC_079" tests="3" failures="0" timestamp="6 Apr 2018 10:15:11 GMT" time="0.000" errors="0">
  <testcase name="RMA_QTPRegression_TC_079_Test" time="0.000" classname="rmaseleniumtestscripts.RMA_QTPRegression_TC_079">
    <skipped/>
  </testcase> <!-- RMA_QTPRegression_TC_079_Test -->
  <testcase name="RMA_QTPRegression_TC_079_Test" time="0.000" classname="rmaseleniumtestscripts.RMA_QTPRegression_TC_079">
    <skipped/>
  </testcase> <!-- RMA_QTPRegression_TC_079_Test -->
  <testcase name="RMA_QTPRegression_TC_079_Test" time="0.000" classname="rmaseleniumtestscripts.RMA_QTPRegression_TC_079">
    <skipped/>
  </testcase> <!-- RMA_QTPRegression_TC_079_Test -->
</testsuite> <!-- rmaseleniumtestscripts.RMA_QTPRegression_TC_079 -->
