<?xml version="1.0" encoding="UTF-8"?>
<!-- Generated by org.testng.reporters.JUnitReportReporter -->
<testsuite skipped="2" hostname="CSCINDAE707498" name="rmaseleniumtestscripts.RMA_QTPRegression_TC_070_C" tests="3" failures="0" timestamp="6 Apr 2018 10:15:11 GMT" time="0.001" errors="1">
  <testcase name="RMA_QTPRegression_TC_070_C_Test" time="0.001" classname="rmaseleniumtestscripts.RMA_QTPRegression_TC_070_C">
    <skipped/>
  </testcase> <!-- RMA_QTPRegression_TC_070_C_Test -->
  <testcase name="SetUp" time="0.000" classname="rmaseleniumtestscripts.RMA_QTPRegression_TC_070_C">
    <error type="java.lang.NullPointerException">
      <![CDATA[java.lang.NullPointerException
	at rmaseleniumtestscripts.RMA_TC_BaseTest.SetUp(RMA_TC_BaseTest.java:170)
	at sun.reflect.NativeMethodAccessorImpl.invoke0(Native Method)
	at sun.reflect.NativeMethodAccessorImpl.invoke(Unknown Source)
	at sun.reflect.DelegatingMethodAccessorImpl.invoke(Unknown Source)
	at java.lang.reflect.Method.invoke(Unknown Source)
	at org.testng.internal.MethodInvocationHelper.invokeMethod(MethodInvocationHelper.java:100)
	at org.testng.internal.Invoker.invokeConfigurationMethod(Invoker.java:515)
	at org.testng.internal.Invoker.invokeConfigurations(Invoker.java:216)
	at org.testng.internal.Invoker.invokeConfigurations(Invoker.java:143)
	at org.testng.SuiteRunner.privateRun(SuiteRunner.java:307)
	at org.testng.SuiteRunner.run(SuiteRunner.java:270)
	at org.testng.SuiteRunnerWorker.runSuite(SuiteRunnerWorker.java:52)
	at org.testng.SuiteRunnerWorker.run(SuiteRunnerWorker.java:86)
	at org.testng.TestNG.runSuitesSequentially(TestNG.java:1284)
	at org.testng.TestNG.runSuitesLocally(TestNG.java:1209)
	at org.testng.TestNG.runSuites(TestNG.java:1124)
	at org.testng.TestNG.run(TestNG.java:1096)
	at org.testng.remote.AbstractRemoteTestNG.run(AbstractRemoteTestNG.java:132)
	at org.testng.remote.RemoteTestNG.initAndRun(RemoteTestNG.java:236)
	at org.testng.remote.RemoteTestNG.main(RemoteTestNG.java:81)
]]>
    </error>
  </testcase> <!-- SetUp -->
  <testcase name="RMA_QTPRegression_TC_070_C_Test" time="0.000" classname="rmaseleniumtestscripts.RMA_QTPRegression_TC_070_C">
    <skipped/>
  </testcase> <!-- RMA_QTPRegression_TC_070_C_Test -->
</testsuite> <!-- rmaseleniumtestscripts.RMA_QTPRegression_TC_070_C -->
