<?xml version="1.0" encoding="UTF-8"?>
<!-- Generated by org.testng.reporters.JUnitReportReporter -->
<testsuite skipped="1" hostname="CSCINDAE707498" name="rmaseleniumtestscripts.RMA_TC_001" tests="1" failures="0" timestamp="6 Apr 2018 10:58:11 GMT" time="0.000" errors="0">
  <testcase name="RMAApp_login" time="0.000" classname="rmaseleniumtestscripts.RMA_TC_001">
    <skipped/>
  </testcase> <!-- RMAApp_login -->
</testsuite> <!-- rmaseleniumtestscripts.RMA_TC_001 -->
