<?xml version="1.0" encoding="UTF-8"?>
<!-- Generated by org.testng.reporters.JUnitReportReporter -->
<testsuite skipped="1" hostname="CSCINDAE707498" name="rmaseleniumtestscripts.RMA_Smoke_TC_041_I" tests="1" failures="0" timestamp="23 Mar 2018 04:40:18 GMT" time="0.000" errors="0">
  <testcase name="RMA_Smoke_TC_046_I_Test" time="0.000" classname="rmaseleniumtestscripts.RMA_Smoke_TC_041_I">
    <skipped/>
  </testcase> <!-- RMA_Smoke_TC_046_I_Test -->
</testsuite> <!-- rmaseleniumtestscripts.RMA_Smoke_TC_041_I -->
