<?xml version="1.0" encoding="UTF-8"?>
<!-- Generated by org.testng.reporters.JUnitReportReporter -->
<testsuite hostname="CSCINDAE750032" name="rmaseleniumtestscripts_REGRESSION.RMA_TC_028" tests="1" failures="0" timestamp="11 May 2017 04:28:51 GMT" time="465.454" errors="0">
  <testcase name="RMA_TC_028_Test" time="465.454" classname="rmaseleniumtestscripts_REGRESSION.RMA_TC_028"/>
</testsuite> <!-- rmaseleniumtestscripts_REGRESSION.RMA_TC_028 -->
