<?xml version="1.0" encoding="UTF-8"?>
<!-- Generated by org.testng.reporters.JUnitReportReporter -->
<testsuite skipped="1" hostname="CSCINDAE707498" name="rmaseleniumtestscripts.RMA_Smoke_TC_018" tests="1" failures="0" timestamp="18 Sep 2017 05:24:36 GMT" time="0.001" errors="0">
  <testcase name="RMA_Smoke_TC_018_Test" time="0.001" classname="rmaseleniumtestscripts.RMA_Smoke_TC_018">
    <skipped/>
  </testcase> <!-- RMA_Smoke_TC_018_Test -->
</testsuite> <!-- rmaseleniumtestscripts.RMA_Smoke_TC_018 -->
