<?xml version="1.0" encoding="UTF-8"?>
<!-- Generated by org.testng.reporters.JUnitReportReporter -->
<testsuite skipped="1" hostname="CSCINDAE707498" name="rmaseleniumtestscripts.RMA_Smoke_TC_013" tests="1" failures="0" timestamp="18 Sep 2017 05:24:36 GMT" time="0.000" errors="0">
  <testcase name="RMA_Smoke_TC_013_Test" time="0.000" classname="rmaseleniumtestscripts.RMA_Smoke_TC_013">
    <skipped/>
  </testcase> <!-- RMA_Smoke_TC_013_Test -->
</testsuite> <!-- rmaseleniumtestscripts.RMA_Smoke_TC_013 -->
