<?xml version="1.0" encoding="UTF-8"?>
<!-- Generated by org.testng.reporters.JUnitReportReporter -->
<testsuite hostname="CSCINDAE750032" name="rmaseleniumtestscripts_REGRESSION.RMA_TC_027" tests="1" failures="0" timestamp="11 May 2017 02:26:42 GMT" time="250.614" errors="0">
  <testcase name="RMA_TC_027_Test" time="250.614" classname="rmaseleniumtestscripts_REGRESSION.RMA_TC_027"/>
</testsuite> <!-- rmaseleniumtestscripts_REGRESSION.RMA_TC_027 -->
