<?xml version="1.0" encoding="UTF-8"?>
<!-- Generated by org.testng.reporters.JUnitReportReporter -->
<testsuite hostname="CSCINDAE750032" name="rmaseleniumtestscripts_REGRESSION.RMA_TC_026" tests="1" failures="0" timestamp="10 May 2017 08:23:51 GMT" time="245.395" errors="0">
  <testcase name="RMA_TC_026_Test" time="245.395" classname="rmaseleniumtestscripts_REGRESSION.RMA_TC_026"/>
</testsuite> <!-- rmaseleniumtestscripts_REGRESSION.RMA_TC_026 -->
