<?xml version="1.0" encoding="UTF-8"?>
<!-- Generated by org.testng.reporters.JUnitReportReporter -->
<testsuite hostname="CSCINDAE750032" name="rmaseleniumtestscripts_REGRESSION.RMA_TC_029" tests="1" failures="0" timestamp="11 May 2017 07:32:33 GMT" time="585.548" errors="0">
  <testcase name="RMA_TC_029_Test" time="585.548" classname="rmaseleniumtestscripts_REGRESSION.RMA_TC_029"/>
</testsuite> <!-- rmaseleniumtestscripts_REGRESSION.RMA_TC_029 -->
