<?xml version="1.0" encoding="UTF-8"?>
<!-- Generated by org.testng.reporters.JUnitReportReporter -->
<testsuite hostname="CSCINDAE750032" name="rmaseleniumtestscripts.RMA_Smoke_TC_046" tests="1" failures="0" timestamp="19 Apr 2017 13:15:43 GMT" time="98.720" errors="0">
  <testcase name="RMA_Smoke_TC_046_Test" time="98.720" classname="rmaseleniumtestscripts.RMA_Smoke_TC_046"/>
</testsuite> <!-- rmaseleniumtestscripts.RMA_Smoke_TC_046 -->
