<?xml version="1.0" encoding="UTF-8"?>
<!-- Generated by org.testng.reporters.JUnitReportReporter -->
<testsuite hostname="CSCINDAE750032" name="rmaseleniumtestscripts_REGRESSION.RMA_TC_025" tests="1" failures="0" timestamp="10 May 2017 03:50:50 GMT" time="204.693" errors="0">
  <testcase name="RMA_TC_025_Test" time="204.693" classname="rmaseleniumtestscripts_REGRESSION.RMA_TC_025"/>
</testsuite> <!-- rmaseleniumtestscripts_REGRESSION.RMA_TC_025 -->
