<?xml version="1.0" encoding="UTF-8"?>
<!-- Generated by org.testng.reporters.JUnitReportReporter -->
<testsuite skipped="1" hostname="CSCINDAE707498" name="rmaseleniumtestscripts.RMA_TC_010" tests="1" failures="0" timestamp="23 Mar 2018 04:37:53 GMT" time="0.000" errors="0">
  <testcase name="Address_AddressSearch" time="0.000" classname="rmaseleniumtestscripts.RMA_TC_010">
    <skipped/>
  </testcase> <!-- Address_AddressSearch -->
</testsuite> <!-- rmaseleniumtestscripts.RMA_TC_010 -->
