<?xml version="1.0" encoding="UTF-8"?>
<!-- Generated by org.testng.reporters.JUnitReportReporter -->
<testsuite hostname="CSCINDAE750032" name="rmaseleniumtestscripts_REGRESSION.RMA_TC_030" tests="1" failures="0" timestamp="11 May 2017 09:01:32 GMT" time="649.999" errors="0">
  <testcase name="RMA_TC_030_Test" time="649.999" classname="rmaseleniumtestscripts_REGRESSION.RMA_TC_030"/>
</testsuite> <!-- rmaseleniumtestscripts_REGRESSION.RMA_TC_030 -->
