<?xml version="1.0" encoding="UTF-8"?>
<!-- Generated by org.testng.reporters.JUnitReportReporter -->
<testsuite hostname="CSCINDAE750032" name="rmaseleniumtestscripts.RMA_Smoke_TC_089" tests="1" failures="0" timestamp="19 Apr 2017 13:15:43 GMT" time="180.037" errors="0">
  <testcase name="RMA_Smoke_TC_089_Test" time="180.037" classname="rmaseleniumtestscripts.RMA_Smoke_TC_089"/>
</testsuite> <!-- rmaseleniumtestscripts.RMA_Smoke_TC_089 -->
