<?xml version="1.0" encoding="UTF-8"?>
<!-- Generated by org.testng.reporters.JUnitReportReporter -->
<testsuite hostname="CSCINDAE750032" name="rmaseleniumtestscripts.RMA_Smoke_TC_087_GC" tests="1" failures="0" timestamp="19 Apr 2017 13:15:43 GMT" time="1048.556" errors="0">
  <testcase name="RMA_Smoke_TC_087_GC_Test" time="1048.556" classname="rmaseleniumtestscripts.RMA_Smoke_TC_087_GC"/>
</testsuite> <!-- rmaseleniumtestscripts.RMA_Smoke_TC_087_GC -->
