<?xml version="1.0" encoding="UTF-8"?>
<!-- Generated by org.testng.reporters.JUnitReportReporter -->
<testsuite hostname="CSCINDAE750032" name="rmaseleniumtestscripts_REGRESSION.RMA_TC_024" tests="1" failures="0" timestamp="10 May 2017 03:07:46 GMT" time="206.569" errors="0">
  <testcase name="RMA_TC_024_Test" time="206.569" classname="rmaseleniumtestscripts_REGRESSION.RMA_TC_024"/>
</testsuite> <!-- rmaseleniumtestscripts_REGRESSION.RMA_TC_024 -->
