<?xml version="1.0" encoding="UTF-8"?>
<!-- Generated by org.testng.reporters.JUnitReportReporter -->
<testsuite skipped="1" hostname="WIN-1URKM2KR2UE" name="rmaseleniumtestscripts.RMA_Reg_Funds_VoidCheck_TC_005" tests="1" failures="0" timestamp="3 Dec 2019 10:55:27 GMT" time="0.000" errors="0">
  <testcase name="RMA_Reg_Funds_VoidCheck_TC_005_Test" time="0.000" classname="rmaseleniumtestscripts.RMA_Reg_Funds_VoidCheck_TC_005">
    <skipped/>
  </testcase> <!-- RMA_Reg_Funds_VoidCheck_TC_005_Test -->
</testsuite> <!-- rmaseleniumtestscripts.RMA_Reg_Funds_VoidCheck_TC_005 -->
