<?xml version="1.0" encoding="UTF-8"?>
<!-- Generated by org.testng.reporters.JUnitReportReporter -->
<testsuite skipped="1" hostname="WIN-1URKM2KR2UE" name="rmaseleniumtestscripts.RMA_TC_002" tests="1" failures="0" timestamp="3 Dec 2019 10:55:27 GMT" time="0.000" errors="0">
  <testcase name="RMAApp_DSNSelection" time="0.000" classname="rmaseleniumtestscripts.RMA_TC_002">
    <skipped/>
  </testcase> <!-- RMAApp_DSNSelection -->
</testsuite> <!-- rmaseleniumtestscripts.RMA_TC_002 -->
