<?xml version="1.0" encoding="UTF-8"?>
<!-- Generated by org.testng.reporters.JUnitReportReporter -->
<testsuite skipped="1" hostname="WIN-1URKM2KR2UE" name="rmaseleniumtestscripts.RMA_Reg_PrintChecks_TC_10" tests="1" failures="0" timestamp="3 Dec 2019 10:55:27 GMT" time="0.001" errors="0">
  <testcase name="RMA_Reg_PrintChecks_TC_10_Test" time="0.001" classname="rmaseleniumtestscripts.RMA_Reg_PrintChecks_TC_10">
    <skipped/>
  </testcase> <!-- RMA_Reg_PrintChecks_TC_10_Test -->
</testsuite> <!-- rmaseleniumtestscripts.RMA_Reg_PrintChecks_TC_10 -->
