<?xml version="1.0" encoding="UTF-8"?>
<!-- Generated by org.testng.reporters.JUnitReportReporter -->
<testsuite skipped="2" hostname="WIN-1URKM2KR2UE" name="rmaseleniumtestscripts.RMA_Smoke_TC_002_GC" tests="2" failures="0" timestamp="3 Dec 2019 10:55:27 GMT" time="0.000" errors="0">
  <testcase name="RMA_Smoke_TC_002_GC_Test" time="0.000" classname="rmaseleniumtestscripts.RMA_Smoke_TC_002_GC">
    <skipped/>
  </testcase> <!-- RMA_Smoke_TC_002_GC_Test -->
  <testcase name="RMA_Smoke_TC_002_GC_Test" time="0.000" classname="rmaseleniumtestscripts.RMA_Smoke_TC_002_GC">
    <skipped/>
  </testcase> <!-- RMA_Smoke_TC_002_GC_Test -->
</testsuite> <!-- rmaseleniumtestscripts.RMA_Smoke_TC_002_GC -->
