<?xml version="1.0" encoding="UTF-8"?>
<!-- Generated by org.testng.reporters.JUnitReportReporter -->
<testsuite skipped="1" hostname="WIN-1URKM2KR2UE" name="rmaseleniumtestscripts.RMA_Smoke_TC_009" tests="1" failures="0" timestamp="3 Dec 2019 10:55:27 GMT" time="0.000" errors="0">
  <testcase name="RMA_Smoke_TC_009_Test" time="0.000" classname="rmaseleniumtestscripts.RMA_Smoke_TC_009">
    <skipped/>
  </testcase> <!-- RMA_Smoke_TC_009_Test -->
</testsuite> <!-- rmaseleniumtestscripts.RMA_Smoke_TC_009 -->
